  main.cpp
C:\Users\minio\source\repos\Lab 6.4 Gr\Lab 6.4 Gr\main.cpp(98,12): warning C4244: аргумент: преобразование "time_t" в "unsigned int", возможна потеря данных
C:\Users\minio\source\repos\Lab 6.4 Gr\Lab 6.4 Gr\Conteiner.h(171,8): warning C4101: i: неиспользованная локальная переменная
C:\Users\minio\source\repos\Lab 6.4 Gr\Lab 6.4 Gr\Conteiner.h(170): message : во время компиляции функции-члена класс шаблон "T &Conteiner<T>::iterator::operator *(void)"
          with
          [
              T=MyClass
          ]
C:\Users\minio\source\repos\Lab 6.4 Gr\Lab 6.4 Gr\main.cpp(86): message : выполняется компиляция ссылки на экземпляр шаблон функции "T &Conteiner<T>::iterator::operator *(void)"
          with
          [
              T=MyClass
          ]
C:\Users\minio\source\repos\Lab 6.4 Gr\Lab 6.4 Gr\main.cpp(76): message : выполняется компиляция ссылки на экземпляр класс шаблон функции "Conteiner<MyClass>::iterator"
C:\Users\minio\source\repos\Lab 6.4 Gr\Lab 6.4 Gr\Conteiner.h(29,18): warning C4244: =: преобразование "int" в "T", возможна потеря данных
          with
          [
              T=float
          ]
C:\Users\minio\source\repos\Lab 6.4 Gr\Lab 6.4 Gr\Conteiner.h(23): message : во время компиляции функции-члена класс шаблон "void Conteiner<float>::add(int,Conteiner<float>)"
C:\Users\minio\source\repos\Lab 6.4 Gr\Lab 6.4 Gr\main.cpp(27): message : выполняется компиляция ссылки на экземпляр шаблон функции "void Conteiner<float>::add(int,Conteiner<float>)"
C:\Users\minio\source\repos\Lab 6.4 Gr\Lab 6.4 Gr\main.cpp(22): message : выполняется компиляция ссылки на экземпляр класс шаблон функции "Conteiner<float>"
  Lab 6.4 Gr.vcxproj -> C:\Users\minio\source\repos\Lab 6.4 Gr\x64\Debug\Lab 6.4 Gr.exe
